Build started 08/11/2013 19:34:45.
     1>Project "E:\Juego1D\Juego1D\Juego1D.vcxproj" on node 2 (Build target(s)).
     1>ClCompile:
         C:\Program Files (x86)\Microsoft Visual Studio 11.0\VC\bin\CL.exe /c /ZI /nologo /W3 /WX- /sdl /Od /Oy- /D WIN32 /D _DEBUG /D _CONSOLE /D _UNICODE /D UNICODE /Gm /EHsc /RTC1 /MDd /GS /fp:precise /Zc:wchar_t /Zc:forScope /Yu"stdafx.h" /Fp"Debug\Juego1D.pch" /Fo"Debug\\" /Fd"Debug\vc110.pdb" /Gd /TP /analyze- /errorReport:prompt RainAI.cpp
         RainAI.cpp
       Link:
         C:\Program Files (x86)\Microsoft Visual Studio 11.0\VC\bin\link.exe /ERRORREPORT:PROMPT /OUT:"E:\Juego1D\Debug\Juego1D.exe" /INCREMENTAL /NOLOGO kernel32.lib user32.lib gdi32.lib winspool.lib comdlg32.lib advapi32.lib shell32.lib ole32.lib oleaut32.lib uuid.lib odbc32.lib odbccp32.lib /MANIFEST /MANIFESTUAC:"level='asInvoker' uiAccess='false'" /manifest:embed /DEBUG /PDB:"E:\Juego1D\Debug\Juego1D.pdb" /SUBSYSTEM:CONSOLE /TLBID:1 /DYNAMICBASE /NXCOMPAT /IMPLIB:"E:\Juego1D\Debug\Juego1D.lib" /MACHINE:X86 Debug\Bullet.obj
         Debug\Enemy.obj
         Debug\EnemyAI.obj
         Debug\Entity.obj
         Debug\Game.obj
         Debug\GamepadController.obj
         Debug\Hero.obj
         Debug\Juego1D.obj
         Debug\RainAI.obj
         Debug\RainDrop.obj
         Debug\stdafx.obj
         Juego1D.vcxproj -> E:\Juego1D\Debug\Juego1D.exe
     1>Done Building Project "E:\Juego1D\Juego1D\Juego1D.vcxproj" (Build target(s)).

Build succeeded.

Time Elapsed 00:00:02.22
